<?xml version="1.0" encoding="UTF-8"?>
<!-- Generated by org.testng.reporters.JUnitReportReporter -->
<testsuite hostname="ASDA0024" name="com.qait.automation.TatocPageObject.AppTest" tests="5" failures="0" timestamp="11 Jul 2018 04:49:20 GMT" time="3.592" errors="0">
  <testcase name="step2_FrameAndDungeonPage" time="1.617" classname="com.qait.automation.TatocPageObject.AppTest"/>
  <testcase name="Step4_PopupWindowsPage" time="0.887" classname="com.qait.automation.TatocPageObject.AppTest"/>
  <testcase name="Step5_CookieAdding" time="0.338" classname="com.qait.automation.TatocPageObject.AppTest"/>
  <testcase name="step1_GridBoxPage" time="0.324" classname="com.qait.automation.TatocPageObject.AppTest"/>
  <testcase name="Step3_DragAndDropPage" time="0.426" classname="com.qait.automation.TatocPageObject.AppTest"/>
</testsuite> <!-- com.qait.automation.TatocPageObject.AppTest -->
